生成启动时间为 2014/4/11 15:14:08。
     1>项目“D:\workspace\DrawClippedLines\DrawClippedLines\DrawClippedLines.vcxproj”在节点 2 上(Build 个目标)。
     1>ClCompile:
         C:\Program Files\Microsoft Visual Studio 10.0\VC\bin\CL.exe /c /ZI /nologo /W3 /WX- /Od /Oy- /D WIN32 /D _DEBUG /D _CONSOLE /D _UNICODE /D UNICODE /Gm /EHsc /RTC1 /MDd /GS /fp:precise /Zc:wchar_t /Zc:forScope /Fo"Debug\\" /Fd"Debug\vc100.pdb" /Gd /TP /analyze- /errorReport:prompt CG_hw1.cpp
         CG_hw1.cpp
     1>d:\workspace\drawclippedlines\drawclippedlines\cg_hw1.cpp(122): warning C4018: “<”: 有符号/无符号不匹配
     1>d:\workspace\drawclippedlines\drawclippedlines\cg_hw1.cpp(151): warning C4018: “<”: 有符号/无符号不匹配
     1>d:\workspace\drawclippedlines\drawclippedlines\cg_hw1.cpp(176): warning C4244: “参数”: 从“double”转换到“int”，可能丢失数据
     1>d:\workspace\drawclippedlines\drawclippedlines\cg_hw1.cpp(176): warning C4244: “参数”: 从“double”转换到“int”，可能丢失数据
     1>d:\workspace\drawclippedlines\drawclippedlines\cg_hw1.cpp(190): warning C4244: “参数”: 从“double”转换到“int”，可能丢失数据
     1>d:\workspace\drawclippedlines\drawclippedlines\cg_hw1.cpp(190): warning C4244: “参数”: 从“double”转换到“int”，可能丢失数据
     1>d:\workspace\drawclippedlines\drawclippedlines\cg_hw1.cpp(190): warning C4244: “参数”: 从“double”转换到“int”，可能丢失数据
     1>d:\workspace\drawclippedlines\drawclippedlines\cg_hw1.cpp(190): warning C4244: “参数”: 从“double”转换到“int”，可能丢失数据
     1>d:\workspace\drawclippedlines\drawclippedlines\cg_hw1.cpp(197): warning C4244: “参数”: 从“double”转换到“int”，可能丢失数据
     1>d:\workspace\drawclippedlines\drawclippedlines\cg_hw1.cpp(197): warning C4244: “参数”: 从“double”转换到“int”，可能丢失数据
     1>d:\workspace\drawclippedlines\drawclippedlines\cg_hw1.cpp(197): warning C4244: “参数”: 从“double”转换到“int”，可能丢失数据
     1>d:\workspace\drawclippedlines\drawclippedlines\cg_hw1.cpp(197): warning C4244: “参数”: 从“double”转换到“int”，可能丢失数据
     1>d:\workspace\drawclippedlines\drawclippedlines\cg_hw1.cpp(202): warning C4244: “参数”: 从“double”转换到“int”，可能丢失数据
     1>d:\workspace\drawclippedlines\drawclippedlines\cg_hw1.cpp(202): warning C4244: “参数”: 从“double”转换到“int”，可能丢失数据
     1>d:\workspace\drawclippedlines\drawclippedlines\cg_hw1.cpp(202): warning C4244: “参数”: 从“double”转换到“int”，可能丢失数据
     1>d:\workspace\drawclippedlines\drawclippedlines\cg_hw1.cpp(202): warning C4244: “参数”: 从“double”转换到“int”，可能丢失数据
     1>d:\workspace\drawclippedlines\drawclippedlines\cg_hw1.cpp(207): warning C4244: “参数”: 从“double”转换到“int”，可能丢失数据
     1>d:\workspace\drawclippedlines\drawclippedlines\cg_hw1.cpp(207): warning C4244: “参数”: 从“double”转换到“int”，可能丢失数据
     1>d:\workspace\drawclippedlines\drawclippedlines\cg_hw1.cpp(207): warning C4244: “参数”: 从“double”转换到“int”，可能丢失数据
     1>d:\workspace\drawclippedlines\drawclippedlines\cg_hw1.cpp(207): warning C4244: “参数”: 从“double”转换到“int”，可能丢失数据
     1>d:\workspace\drawclippedlines\drawclippedlines\cg_hw1.cpp(212): warning C4244: “参数”: 从“double”转换到“int”，可能丢失数据
     1>d:\workspace\drawclippedlines\drawclippedlines\cg_hw1.cpp(212): warning C4244: “参数”: 从“double”转换到“int”，可能丢失数据
     1>d:\workspace\drawclippedlines\drawclippedlines\cg_hw1.cpp(212): warning C4244: “参数”: 从“double”转换到“int”，可能丢失数据
     1>d:\workspace\drawclippedlines\drawclippedlines\cg_hw1.cpp(212): warning C4244: “参数”: 从“double”转换到“int”，可能丢失数据
     1>d:\workspace\drawclippedlines\drawclippedlines\cg_hw1.cpp(244): warning C4996: 'strcpy': This function or variable may be unsafe. Consider using strcpy_s instead. To disable deprecation, use _CRT_SECURE_NO_WARNINGS. See online help for details.
                 c:\program files\microsoft visual studio 10.0\vc\include\string.h(105) : 参见“strcpy”的声明
       Link:
         C:\Program Files\Microsoft Visual Studio 10.0\VC\bin\link.exe /ERRORREPORT:PROMPT /OUT:"D:\workspace\DrawClippedLines\Debug\DrawClippedLines.exe" /INCREMENTAL /NOLOGO kernel32.lib user32.lib gdi32.lib winspool.lib comdlg32.lib advapi32.lib shell32.lib ole32.lib oleaut32.lib uuid.lib odbc32.lib odbccp32.lib /MANIFEST /ManifestFile:"Debug\DrawClippedLines.exe.intermediate.manifest" /MANIFESTUAC:"level='asInvoker' uiAccess='false'" /DEBUG /PDB:"D:\workspace\DrawClippedLines\Debug\DrawClippedLines.pdb" /SUBSYSTEM:CONSOLE /TLBID:1 /DYNAMICBASE /NXCOMPAT /IMPLIB:"D:\workspace\DrawClippedLines\Debug\DrawClippedLines.lib" /MACHINE:X86 Debug\DrawClippedLines.exe.embed.manifest.res
         Debug\CG_hw1.obj
       Manifest:
         C:\Program Files\Microsoft SDKs\Windows\v7.0A\bin\mt.exe /nologo /verbose /out:"Debug\DrawClippedLines.exe.embed.manifest" /manifest Debug\DrawClippedLines.exe.intermediate.manifest
       LinkEmbedManifest:
         DrawClippedLines.vcxproj -> D:\workspace\DrawClippedLines\Debug\DrawClippedLines.exe
     1>已完成生成项目“D:\workspace\DrawClippedLines\DrawClippedLines\DrawClippedLines.vcxproj”(Build 个目标)的操作。

生成成功。

已用时间 00:00:07.53
