D:\WORKSPACE\DRAWCLIPPEDLINES\DRAWCLIPPEDLINES\DEBUG\VC100.PDB
D:\WORKSPACE\DRAWCLIPPEDLINES\DRAWCLIPPEDLINES\DEBUG\DRAWMAIN.OBJ
D:\WORKSPACE\DRAWCLIPPEDLINES\DRAWCLIPPEDLINES\DEBUG\CG_HW1.OBJ
D:\WORKSPACE\DRAWCLIPPEDLINES\DEBUG\DRAWCLIPPEDLINES.ILK
D:\WORKSPACE\DRAWCLIPPEDLINES\DEBUG\DRAWCLIPPEDLINES.EXE
D:\WORKSPACE\DRAWCLIPPEDLINES\DRAWCLIPPEDLINES\DEBUG\DRAWCLIPPEDLINES.EXE.INTERMEDIATE.MANIFEST
D:\WORKSPACE\DRAWCLIPPEDLINES\DEBUG\DRAWCLIPPEDLINES.PDB
D:\WORKSPACE\DRAWCLIPPEDLINES\DRAWCLIPPEDLINES\DEBUG\DRAWCLIPPEDLINES.EXE.EMBED.MANIFEST
D:\WORKSPACE\DRAWCLIPPEDLINES\DRAWCLIPPEDLINES\DEBUG\DRAWCLIPPEDLINES.EXE.EMBED.MANIFEST.RES
D:\workspace\DrawClippedLines\DrawClippedLines\Debug\DrawClippedLines.vcxprojResolveAssemblyReference.cache
D:\workspace\DrawClippedLines\DrawClippedLines\Debug\DrawMain.obj
D:\workspace\DrawClippedLines\DrawClippedLines\Debug\cl.command.1.tlog
D:\workspace\DrawClippedLines\DrawClippedLines\Debug\CL.read.1.tlog
D:\workspace\DrawClippedLines\DrawClippedLines\Debug\CL.write.1.tlog
D:\workspace\DrawClippedLines\DrawClippedLines\Debug\DrawClippedLines.write.1.tlog
D:\workspace\DrawClippedLines\DrawClippedLines\Debug\link-cvtres.read.1.tlog
D:\workspace\DrawClippedLines\DrawClippedLines\Debug\link-cvtres.write.1.tlog
D:\workspace\DrawClippedLines\DrawClippedLines\Debug\link.2616-cvtres.read.1.tlog
D:\workspace\DrawClippedLines\DrawClippedLines\Debug\link.2616-cvtres.write.1.tlog
D:\workspace\DrawClippedLines\DrawClippedLines\Debug\link.2616.read.1.tlog
D:\workspace\DrawClippedLines\DrawClippedLines\Debug\link.2616.write.1.tlog
D:\workspace\DrawClippedLines\DrawClippedLines\Debug\link.6508-cvtres.read.1.tlog
D:\workspace\DrawClippedLines\DrawClippedLines\Debug\link.6508-cvtres.write.1.tlog
D:\workspace\DrawClippedLines\DrawClippedLines\Debug\link.6508.read.1.tlog
D:\workspace\DrawClippedLines\DrawClippedLines\Debug\link.6508.write.1.tlog
D:\workspace\DrawClippedLines\DrawClippedLines\Debug\link.9184-cvtres.read.1.tlog
D:\workspace\DrawClippedLines\DrawClippedLines\Debug\link.9184-cvtres.write.1.tlog
D:\workspace\DrawClippedLines\DrawClippedLines\Debug\link.9184.read.1.tlog
D:\workspace\DrawClippedLines\DrawClippedLines\Debug\link.9184.write.1.tlog
D:\workspace\DrawClippedLines\DrawClippedLines\Debug\link.command.1.tlog
D:\workspace\DrawClippedLines\DrawClippedLines\Debug\link.read.1.tlog
D:\workspace\DrawClippedLines\DrawClippedLines\Debug\link.write.1.tlog
D:\workspace\DrawClippedLines\DrawClippedLines\Debug\mt.command.1.tlog
D:\workspace\DrawClippedLines\DrawClippedLines\Debug\mt.read.1.tlog
D:\workspace\DrawClippedLines\DrawClippedLines\Debug\mt.write.1.tlog
D:\workspace\DrawClippedLines\DrawClippedLines\Debug\rc.command.1.tlog
D:\workspace\DrawClippedLines\DrawClippedLines\Debug\rc.read.1.tlog
D:\workspace\DrawClippedLines\DrawClippedLines\Debug\rc.write.1.tlog
D:\workspace\DrawClippedLines\DrawClippedLines\Debug\DrawClippedLines.exe.embed.manifest
D:\workspace\DrawClippedLines\DrawClippedLines\Debug\DrawClippedLines.exe.intermediate.manifest
D:\workspace\DrawClippedLines\DrawClippedLines\Debug\DrawClippedLines.exe.embed.manifest.res
D:\workspace\DrawClippedLines\DrawClippedLines\Debug\vc100.idb
D:\workspace\DrawClippedLines\DrawClippedLines\Debug\vc100.pdb
D:\workspace\DrawClippedLines\DrawClippedLines\Debug\DrawClippedLines_manifest.rc
D:\workspace\DrawClippedLines\Debug\DrawClippedLines.pdb
D:\workspace\DrawClippedLines\Debug\DrawClippedLines.exe
D:\workspace\DrawClippedLines\Debug\DrawClippedLines.ilk
